Watching for file changes with StatReloader
C:\Users\pc\Downloads\fitjourney-ai\backend\.venv\Lib\site-packages\jwt\api_jwt.py:147: InsecureKeyLengthWarning: The HMAC key is 23 bytes long, which is below the minimum recommended length of 32 bytes for SHA256. See RFC 7518 Section 3.2.
  return self._jws.encode(
[31/May/2026 21:36:20] "POST /api/v1/auth/login/ HTTP/1.1" 200 483
C:\Users\pc\Downloads\fitjourney-ai\backend\.venv\Lib\site-packages\jwt\api_jwt.py:368: InsecureKeyLengthWarning: The HMAC key is 23 bytes long, which is below the minimum recommended length of 32 bytes for SHA256. See RFC 7518 Section 3.2.
  decoded = self.decode_complete(
[31/May/2026 21:36:20] "GET /api/v1/coach/recommendations/ HTTP/1.1" 200 199
[31/May/2026 21:36:21] "GET /api/v1/fitness/checkins/streak/ HTTP/1.1" 200 13
[31/May/2026 21:36:21] "GET /api/v1/fitness/workouts/ HTTP/1.1" 200 4675
[31/May/2026 21:36:29] "POST /api/v1/auth/login/ HTTP/1.1" 200 483
[31/May/2026 21:36:30] "GET /api/v1/fitness/checkins/ HTTP/1.1" 200 3844
C:\Users\pc\Downloads\fitjourney-ai\backend\apps\fitness\views.py changed, reloading.
Performing system checks...

System check identified no issues (0 silenced).
May 31, 2026 - 21:36:18
Django version 5.1.4, using settings 'config.settings'
Starting development server at http://127.0.0.1:8011/
Quit the server with CTRL-BREAK.

Watching for file changes with StatReloader
C:\Users\pc\Downloads\fitjourney-ai\backend\apps\fitness\views.py changed, reloading.
Performing system checks...

System check identified no issues (0 silenced).
May 31, 2026 - 21:58:01
Django version 5.1.4, using settings 'config.settings'
Starting development server at http://127.0.0.1:8011/
Quit the server with CTRL-BREAK.

Watching for file changes with StatReloader
C:\Users\pc\Downloads\fitjourney-ai\backend\apps\fitness\views.py changed, reloading.
Performing system checks...

System check identified no issues (0 silenced).
May 31, 2026 - 21:58:12
Django version 5.1.4, using settings 'config.settings'
Starting development server at http://127.0.0.1:8011/
Quit the server with CTRL-BREAK.

Watching for file changes with StatReloader
C:\Users\pc\Downloads\fitjourney-ai\backend\apps\fitness\urls.py changed, reloading.
Performing system checks...

System check identified no issues (0 silenced).
May 31, 2026 - 21:58:18
Django version 5.1.4, using settings 'config.settings'
Starting development server at http://127.0.0.1:8011/
Quit the server with CTRL-BREAK.

Watching for file changes with StatReloader
C:\Users\pc\Downloads\fitjourney-ai\backend\apps\fitness\serializers.py changed, reloading.
Performing system checks...

System check identified no issues (0 silenced).
May 31, 2026 - 21:58:26
Django version 5.1.4, using settings 'config.settings'
Starting development server at http://127.0.0.1:8011/
Quit the server with CTRL-BREAK.

Watching for file changes with StatReloader
C:\Users\pc\Downloads\fitjourney-ai\backend\apps\accounts\signals.py changed, reloading.
Performing system checks...

System check identified no issues (0 silenced).
May 31, 2026 - 21:58:34
Django version 5.1.4, using settings 'config.settings'
Starting development server at http://127.0.0.1:8011/
Quit the server with CTRL-BREAK.

Watching for file changes with StatReloader
C:\Users\pc\Downloads\fitjourney-ai\backend\config\settings.py changed, reloading.
Performing system checks...

System check identified no issues (0 silenced).
June 01, 2026 - 01:15:44
Django version 5.1.4, using settings 'config.settings'
Starting development server at http://127.0.0.1:8011/
Quit the server with CTRL-BREAK.

Watching for file changes with StatReloader
C:\Users\pc\Downloads\fitjourney-ai\backend\config\urls.py changed, reloading.
Performing system checks...

System check identified no issues (0 silenced).
June 01, 2026 - 01:17:09
Django version 5.1.4, using settings 'config.settings'
Starting development server at http://127.0.0.1:8011/
Quit the server with CTRL-BREAK.

Watching for file changes with StatReloader
C:\Users\pc\Downloads\fitjourney-ai\backend\apps\social\views.py changed, reloading.
Performing system checks...

System check identified no issues (0 silenced).
June 01, 2026 - 01:17:15
Django version 5.1.4, using settings 'config.settings'
Starting development server at http://127.0.0.1:8011/
Quit the server with CTRL-BREAK.

Watching for file changes with StatReloader
C:\Users\pc\Downloads\fitjourney-ai\backend\apps\social\views.py changed, reloading.
Performing system checks...

System check identified no issues (0 silenced).
June 01, 2026 - 01:18:45
Django version 5.1.4, using settings 'config.settings'
Starting development server at http://127.0.0.1:8011/
Quit the server with CTRL-BREAK.

Watching for file changes with StatReloader
C:\Users\pc\Downloads\fitjourney-ai\backend\apps\social\views.py changed, reloading.
Performing system checks...

System check identified no issues (0 silenced).
June 01, 2026 - 01:18:50
Django version 5.1.4, using settings 'config.settings'
Starting development server at http://127.0.0.1:8011/
Quit the server with CTRL-BREAK.

Watching for file changes with StatReloader
C:\Users\pc\Downloads\fitjourney-ai\backend\apps\social\views.py changed, reloading.
Performing system checks...

System check identified no issues (0 silenced).
June 01, 2026 - 01:19:34
Django version 5.1.4, using settings 'config.settings'
Starting development server at http://127.0.0.1:8011/
Quit the server with CTRL-BREAK.

Watching for file changes with StatReloader
C:\Users\pc\Downloads\fitjourney-ai\backend\apps\accounts\models.py changed, reloading.
Performing system checks...

System check identified no issues (0 silenced).
June 01, 2026 - 01:21:52
Django version 5.1.4, using settings 'config.settings'
Starting development server at http://127.0.0.1:8011/
Quit the server with CTRL-BREAK.

Watching for file changes with StatReloader
C:\Users\pc\Downloads\fitjourney-ai\backend\config\settings.py changed, reloading.
Performing system checks...

System check identified no issues (0 silenced).
June 01, 2026 - 01:39:37
Django version 5.1.4, using settings 'config.settings'
Starting development server at http://127.0.0.1:8011/
Quit the server with CTRL-BREAK.

Watching for file changes with StatReloader
C:\Users\pc\Downloads\fitjourney-ai\backend\apps\accounts\serializers.py changed, reloading.
Performing system checks...

System check identified no issues (0 silenced).
June 01, 2026 - 01:39:54
Django version 5.1.4, using settings 'config.settings'
Starting development server at http://127.0.0.1:8011/
Quit the server with CTRL-BREAK.

Watching for file changes with StatReloader
C:\Users\pc\Downloads\fitjourney-ai\backend\apps\accounts\views.py changed, reloading.
Performing system checks...

System check identified no issues (0 silenced).
June 01, 2026 - 01:40:05
Django version 5.1.4, using settings 'config.settings'
Starting development server at http://127.0.0.1:8011/
Quit the server with CTRL-BREAK.

Watching for file changes with StatReloader
C:\Users\pc\Downloads\fitjourney-ai\backend\apps\accounts\views.py changed, reloading.
Performing system checks...

System check identified no issues (0 silenced).
June 01, 2026 - 01:40:13
Django version 5.1.4, using settings 'config.settings'
Starting development server at http://127.0.0.1:8011/
Quit the server with CTRL-BREAK.

Watching for file changes with StatReloader
C:\Users\pc\Downloads\fitjourney-ai\backend\apps\accounts\views.py changed, reloading.
Performing system checks...

System check identified no issues (0 silenced).
June 01, 2026 - 01:40:18
Django version 5.1.4, using settings 'config.settings'
Starting development server at http://127.0.0.1:8011/
Quit the server with CTRL-BREAK.

Watching for file changes with StatReloader
C:\Users\pc\Downloads\fitjourney-ai\backend\apps\accounts\urls.py changed, reloading.
Performing system checks...

System check identified no issues (0 silenced).
June 01, 2026 - 01:40:32
Django version 5.1.4, using settings 'config.settings'
Starting development server at http://127.0.0.1:8011/
Quit the server with CTRL-BREAK.

Watching for file changes with StatReloader
C:\Users\pc\Downloads\fitjourney-ai\backend\apps\social\models.py changed, reloading.
Performing system checks...

System check identified no issues (0 silenced).
June 01, 2026 - 01:40:38
Django version 5.1.4, using settings 'config.settings'
Starting development server at http://127.0.0.1:8011/
Quit the server with CTRL-BREAK.

Watching for file changes with StatReloader
C:\Users\pc\Downloads\fitjourney-ai\backend\apps\social\signals.py changed, reloading.
Performing system checks...

System check identified no issues (0 silenced).
June 01, 2026 - 01:41:10
Django version 5.1.4, using settings 'config.settings'
Starting development server at http://127.0.0.1:8011/
Quit the server with CTRL-BREAK.

Watching for file changes with StatReloader
C:\Users\pc\Downloads\fitjourney-ai\backend\apps\social\signals.py changed, reloading.
Performing system checks...

System check identified no issues (0 silenced).
June 01, 2026 - 01:41:31
Django version 5.1.4, using settings 'config.settings'
Starting development server at http://127.0.0.1:8011/
Quit the server with CTRL-BREAK.

Watching for file changes with StatReloader
C:\Users\pc\Downloads\fitjourney-ai\backend\apps\social\serializers.py changed, reloading.
Performing system checks...

System check identified no issues (0 silenced).
June 01, 2026 - 01:41:42
Django version 5.1.4, using settings 'config.settings'
Starting development server at http://127.0.0.1:8011/
Quit the server with CTRL-BREAK.

Watching for file changes with StatReloader
C:\Users\pc\Downloads\fitjourney-ai\backend\apps\social\serializers.py changed, reloading.
Performing system checks...

System check identified no issues (0 silenced).
June 01, 2026 - 01:41:59
Django version 5.1.4, using settings 'config.settings'
Starting development server at http://127.0.0.1:8011/
Quit the server with CTRL-BREAK.

Watching for file changes with StatReloader
C:\Users\pc\Downloads\fitjourney-ai\backend\apps\social\views.py changed, reloading.
Performing system checks...

System check identified no issues (0 silenced).
June 01, 2026 - 01:42:11
Django version 5.1.4, using settings 'config.settings'
Starting development server at http://127.0.0.1:8011/
Quit the server with CTRL-BREAK.

Watching for file changes with StatReloader
C:\Users\pc\Downloads\fitjourney-ai\backend\apps\social\views.py changed, reloading.
Performing system checks...

System check identified no issues (0 silenced).
June 01, 2026 - 01:42:21
Django version 5.1.4, using settings 'config.settings'
Starting development server at http://127.0.0.1:8011/
Quit the server with CTRL-BREAK.

Watching for file changes with StatReloader
C:\Users\pc\Downloads\fitjourney-ai\backend\apps\social\urls.py changed, reloading.
Performing system checks...

System check identified no issues (0 silenced).
June 01, 2026 - 01:42:52
Django version 5.1.4, using settings 'config.settings'
Starting development server at http://127.0.0.1:8011/
Quit the server with CTRL-BREAK.

Watching for file changes with StatReloader
C:\Users\pc\Downloads\fitjourney-ai\backend\apps\social\admin.py changed, reloading.
Performing system checks...

System check identified no issues (0 silenced).
June 01, 2026 - 01:43:03
Django version 5.1.4, using settings 'config.settings'
Starting development server at http://127.0.0.1:8011/
Quit the server with CTRL-BREAK.

Watching for file changes with StatReloader
C:\Users\pc\Downloads\fitjourney-ai\backend\apps\social\admin.py changed, reloading.
Performing system checks...

System check identified no issues (0 silenced).
June 01, 2026 - 01:43:41
Django version 5.1.4, using settings 'config.settings'
Starting development server at http://127.0.0.1:8011/
Quit the server with CTRL-BREAK.

Watching for file changes with StatReloader
C:\Users\pc\Downloads\fitjourney-ai\backend\apps\social\views.py changed, reloading.
Performing system checks...

System check identified no issues (0 silenced).
June 01, 2026 - 01:43:47
Django version 5.1.4, using settings 'config.settings'
Starting development server at http://127.0.0.1:8011/
Quit the server with CTRL-BREAK.

Watching for file changes with StatReloader
C:\Users\pc\Downloads\fitjourney-ai\backend\config\settings.py changed, reloading.
Performing system checks...

System check identified no issues (0 silenced).
June 01, 2026 - 01:45:51
Django version 5.1.4, using settings 'config.settings'
Starting development server at http://127.0.0.1:8011/
Quit the server with CTRL-BREAK.

Watching for file changes with StatReloader
C:\Users\pc\Downloads\fitjourney-ai\backend\config\settings.py changed, reloading.
Performing system checks...

System check identified no issues (0 silenced).
June 01, 2026 - 02:10:58
Django version 5.1.4, using settings 'config.settings'
Starting development server at http://127.0.0.1:8011/
Quit the server with CTRL-BREAK.

Watching for file changes with StatReloader
C:\Users\pc\Downloads\fitjourney-ai\backend\config\settings.py changed, reloading.
Performing system checks...

System check identified no issues (0 silenced).
June 01, 2026 - 02:11:04
Django version 5.1.4, using settings 'config.settings'
Starting development server at http://127.0.0.1:8011/
Quit the server with CTRL-BREAK.

Watching for file changes with StatReloader
Exception in thread django-main-thread:
Traceback (most recent call last):
  File "C:\Users\pc\Downloads\fitjourney-ai\backend\.venv\Lib\site-packages\django\core\servers\basehttp.py", line 48, in get_internal_wsgi_application
    return import_string(app_path)
  File "C:\Users\pc\Downloads\fitjourney-ai\backend\.venv\Lib\site-packages\django\utils\module_loading.py", line 30, in import_string
    return cached_import(module_path, class_name)
  File "C:\Users\pc\Downloads\fitjourney-ai\backend\.venv\Lib\site-packages\django\utils\module_loading.py", line 15, in cached_import
    module = import_module(module_path)
  File "C:\Python314\Lib\importlib\__init__.py", line 88, in import_module
    return _bootstrap._gcd_import(name[level:], package, level)
           ~~~~~~~~~~~~~~~~~~~~~~^^^^^^^^^^^^^^^^^^^^^^^^^^^^^^
  File "<frozen importlib._bootstrap>", line 1398, in _gcd_import
  File "<frozen importlib._bootstrap>", line 1371, in _find_and_load
  File "<frozen importlib._bootstrap>", line 1342, in _find_and_load_unlocked
  File "<frozen importlib._bootstrap>", line 938, in _load_unlocked
  File "<frozen importlib._bootstrap_external>", line 759, in exec_module
  File "<frozen importlib._bootstrap>", line 491, in _call_with_frames_removed
  File "C:\Users\pc\Downloads\fitjourney-ai\backend\config\wsgi.py", line 7, in <module>
    application = get_wsgi_application()
  File "C:\Users\pc\Downloads\fitjourney-ai\backend\.venv\Lib\site-packages\django\core\wsgi.py", line 13, in get_wsgi_application
    return WSGIHandler()
  File "C:\Users\pc\Downloads\fitjourney-ai\backend\.venv\Lib\site-packages\django\core\handlers\wsgi.py", line 118, in __init__
    self.load_middleware()
    ~~~~~~~~~~~~~~~~~~~~^^
  File "C:\Users\pc\Downloads\fitjourney-ai\backend\.venv\Lib\site-packages\django\core\handlers\base.py", line 40, in load_middleware
    middleware = import_string(middleware_path)
  File "C:\Users\pc\Downloads\fitjourney-ai\backend\.venv\Lib\site-packages\django\utils\module_loading.py", line 30, in import_string
    return cached_import(module_path, class_name)
  File "C:\Users\pc\Downloads\fitjourney-ai\backend\.venv\Lib\site-packages\django\utils\module_loading.py", line 15, in cached_import
    module = import_module(module_path)
  File "C:\Python314\Lib\importlib\__init__.py", line 88, in import_module
    return _bootstrap._gcd_import(name[level:], package, level)
           ~~~~~~~~~~~~~~~~~~~~~~^^^^^^^^^^^^^^^^^^^^^^^^^^^^^^
  File "<frozen importlib._bootstrap>", line 1398, in _gcd_import
  File "<frozen importlib._bootstrap>", line 1371, in _find_and_load
  File "<frozen importlib._bootstrap>", line 1314, in _find_and_load_unlocked
  File "<frozen importlib._bootstrap>", line 491, in _call_with_frames_removed
  File "<frozen importlib._bootstrap>", line 1398, in _gcd_import
  File "<frozen importlib._bootstrap>", line 1371, in _find_and_load
  File "<frozen importlib._bootstrap>", line 1335, in _find_and_load_unlocked
ModuleNotFoundError: No module named 'whitenoise'

The above exception was the direct cause of the following exception:

Traceback (most recent call last):
  File "C:\Python314\Lib\threading.py", line 1082, in _bootstrap_inner
    self._context.run(self.run)
    ~~~~~~~~~~~~~~~~~^^^^^^^^^^
  File "C:\Python314\Lib\threading.py", line 1024, in run
    self._target(*self._args, **self._kwargs)
    ~~~~~~~~~~~~^^^^^^^^^^^^^^^^^^^^^^^^^^^^^
  File "C:\Users\pc\Downloads\fitjourney-ai\backend\.venv\Lib\site-packages\django\utils\autoreload.py", line 64, in wrapper
    fn(*args, **kwargs)
    ~~^^^^^^^^^^^^^^^^^
  File "C:\Users\pc\Downloads\fitjourney-ai\backend\.venv\Lib\site-packages\django\core\management\commands\runserver.py", line 143, in inner_run
    handler = self.get_handler(*args, **options)
  File "C:\Users\pc\Downloads\fitjourney-ai\backend\.venv\Lib\site-packages\django\contrib\staticfiles\management\commands\runserver.py", line 31, in get_handler
    handler = super().get_handler(*args, **options)
  File "C:\Users\pc\Downloads\fitjourney-ai\backend\.venv\Lib\site-packages\django\core\management\commands\runserver.py", line 79, in get_handler
    return get_internal_wsgi_application()
  File "C:\Users\pc\Downloads\fitjourney-ai\backend\.venv\Lib\site-packages\django\core\servers\basehttp.py", line 50, in get_internal_wsgi_application
    raise ImproperlyConfigured(
    ...<2 lines>...
    ) from err
django.core.exceptions.ImproperlyConfigured: WSGI application 'config.wsgi.application' could not be loaded; Error importing module.
C:\Users\pc\Downloads\fitjourney-ai\backend\config\settings.py changed, reloading.
Performing system checks...

System check identified no issues (0 silenced).
Watching for file changes with StatReloader
Exception in thread django-main-thread:
Traceback (most recent call last):
  File "C:\Users\pc\Downloads\fitjourney-ai\backend\.venv\Lib\site-packages\django\core\servers\basehttp.py", line 48, in get_internal_wsgi_application
    return import_string(app_path)
  File "C:\Users\pc\Downloads\fitjourney-ai\backend\.venv\Lib\site-packages\django\utils\module_loading.py", line 30, in import_string
    return cached_import(module_path, class_name)
  File "C:\Users\pc\Downloads\fitjourney-ai\backend\.venv\Lib\site-packages\django\utils\module_loading.py", line 15, in cached_import
    module = import_module(module_path)
  File "C:\Python314\Lib\importlib\__init__.py", line 88, in import_module
    return _bootstrap._gcd_import(name[level:], package, level)
           ~~~~~~~~~~~~~~~~~~~~~~^^^^^^^^^^^^^^^^^^^^^^^^^^^^^^
  File "<frozen importlib._bootstrap>", line 1398, in _gcd_import
  File "<frozen importlib._bootstrap>", line 1371, in _find_and_load
  File "<frozen importlib._bootstrap>", line 1342, in _find_and_load_unlocked
  File "<frozen importlib._bootstrap>", line 938, in _load_unlocked
  File "<frozen importlib._bootstrap_external>", line 759, in exec_module
  File "<frozen importlib._bootstrap>", line 491, in _call_with_frames_removed
  File "C:\Users\pc\Downloads\fitjourney-ai\backend\config\wsgi.py", line 7, in <module>
    application = get_wsgi_application()
  File "C:\Users\pc\Downloads\fitjourney-ai\backend\.venv\Lib\site-packages\django\core\wsgi.py", line 13, in get_wsgi_application
    return WSGIHandler()
  File "C:\Users\pc\Downloads\fitjourney-ai\backend\.venv\Lib\site-packages\django\core\handlers\wsgi.py", line 118, in __init__
    self.load_middleware()
    ~~~~~~~~~~~~~~~~~~~~^^
  File "C:\Users\pc\Downloads\fitjourney-ai\backend\.venv\Lib\site-packages\django\core\handlers\base.py", line 40, in load_middleware
    middleware = import_string(middleware_path)
  File "C:\Users\pc\Downloads\fitjourney-ai\backend\.venv\Lib\site-packages\django\utils\module_loading.py", line 30, in import_string
    return cached_import(module_path, class_name)
  File "C:\Users\pc\Downloads\fitjourney-ai\backend\.venv\Lib\site-packages\django\utils\module_loading.py", line 15, in cached_import
    module = import_module(module_path)
  File "C:\Python314\Lib\importlib\__init__.py", line 88, in import_module
    return _bootstrap._gcd_import(name[level:], package, level)
           ~~~~~~~~~~~~~~~~~~~~~~^^^^^^^^^^^^^^^^^^^^^^^^^^^^^^
  File "<frozen importlib._bootstrap>", line 1398, in _gcd_import
  File "<frozen importlib._bootstrap>", line 1371, in _find_and_load
  File "<frozen importlib._bootstrap>", line 1314, in _find_and_load_unlocked
  File "<frozen importlib._bootstrap>", line 491, in _call_with_frames_removed
  File "<frozen importlib._bootstrap>", line 1398, in _gcd_import
  File "<frozen importlib._bootstrap>", line 1371, in _find_and_load
  File "<frozen importlib._bootstrap>", line 1335, in _find_and_load_unlocked
ModuleNotFoundError: No module named 'whitenoise'

The above exception was the direct cause of the following exception:

Traceback (most recent call last):
  File "C:\Python314\Lib\threading.py", line 1082, in _bootstrap_inner
    self._context.run(self.run)
    ~~~~~~~~~~~~~~~~~^^^^^^^^^^
  File "C:\Python314\Lib\threading.py", line 1024, in run
    self._target(*self._args, **self._kwargs)
    ~~~~~~~~~~~~^^^^^^^^^^^^^^^^^^^^^^^^^^^^^
  File "C:\Users\pc\Downloads\fitjourney-ai\backend\.venv\Lib\site-packages\django\utils\autoreload.py", line 64, in wrapper
    fn(*args, **kwargs)
    ~~^^^^^^^^^^^^^^^^^
  File "C:\Users\pc\Downloads\fitjourney-ai\backend\.venv\Lib\site-packages\django\core\management\commands\runserver.py", line 143, in inner_run
    handler = self.get_handler(*args, **options)
  File "C:\Users\pc\Downloads\fitjourney-ai\backend\.venv\Lib\site-packages\django\contrib\staticfiles\management\commands\runserver.py", line 31, in get_handler
    handler = super().get_handler(*args, **options)
  File "C:\Users\pc\Downloads\fitjourney-ai\backend\.venv\Lib\site-packages\django\core\management\commands\runserver.py", line 79, in get_handler
    return get_internal_wsgi_application()
  File "C:\Users\pc\Downloads\fitjourney-ai\backend\.venv\Lib\site-packages\django\core\servers\basehttp.py", line 50, in get_internal_wsgi_application
    raise ImproperlyConfigured(
    ...<2 lines>...
    ) from err
django.core.exceptions.ImproperlyConfigured: WSGI application 'config.wsgi.application' could not be loaded; Error importing module.
C:\Users\pc\Downloads\fitjourney-ai\backend\config\settings.py changed, reloading.
Performing system checks...

System check identified no issues (0 silenced).
Watching for file changes with StatReloader
Exception in thread django-main-thread:
Traceback (most recent call last):
  File "C:\Users\pc\Downloads\fitjourney-ai\backend\.venv\Lib\site-packages\django\core\servers\basehttp.py", line 48, in get_internal_wsgi_application
    return import_string(app_path)
  File "C:\Users\pc\Downloads\fitjourney-ai\backend\.venv\Lib\site-packages\django\utils\module_loading.py", line 30, in import_string
    return cached_import(module_path, class_name)
  File "C:\Users\pc\Downloads\fitjourney-ai\backend\.venv\Lib\site-packages\django\utils\module_loading.py", line 15, in cached_import
    module = import_module(module_path)
  File "C:\Python314\Lib\importlib\__init__.py", line 88, in import_module
    return _bootstrap._gcd_import(name[level:], package, level)
           ~~~~~~~~~~~~~~~~~~~~~~^^^^^^^^^^^^^^^^^^^^^^^^^^^^^^
  File "<frozen importlib._bootstrap>", line 1398, in _gcd_import
  File "<frozen importlib._bootstrap>", line 1371, in _find_and_load
  File "<frozen importlib._bootstrap>", line 1342, in _find_and_load_unlocked
  File "<frozen importlib._bootstrap>", line 938, in _load_unlocked
  File "<frozen importlib._bootstrap_external>", line 759, in exec_module
  File "<frozen importlib._bootstrap>", line 491, in _call_with_frames_removed
  File "C:\Users\pc\Downloads\fitjourney-ai\backend\config\wsgi.py", line 7, in <module>
    application = get_wsgi_application()
  File "C:\Users\pc\Downloads\fitjourney-ai\backend\.venv\Lib\site-packages\django\core\wsgi.py", line 13, in get_wsgi_application
    return WSGIHandler()
  File "C:\Users\pc\Downloads\fitjourney-ai\backend\.venv\Lib\site-packages\django\core\handlers\wsgi.py", line 118, in __init__
    self.load_middleware()
    ~~~~~~~~~~~~~~~~~~~~^^
  File "C:\Users\pc\Downloads\fitjourney-ai\backend\.venv\Lib\site-packages\django\core\handlers\base.py", line 40, in load_middleware
    middleware = import_string(middleware_path)
  File "C:\Users\pc\Downloads\fitjourney-ai\backend\.venv\Lib\site-packages\django\utils\module_loading.py", line 30, in import_string
    return cached_import(module_path, class_name)
  File "C:\Users\pc\Downloads\fitjourney-ai\backend\.venv\Lib\site-packages\django\utils\module_loading.py", line 15, in cached_import
    module = import_module(module_path)
  File "C:\Python314\Lib\importlib\__init__.py", line 88, in import_module
    return _bootstrap._gcd_import(name[level:], package, level)
           ~~~~~~~~~~~~~~~~~~~~~~^^^^^^^^^^^^^^^^^^^^^^^^^^^^^^
  File "<frozen importlib._bootstrap>", line 1398, in _gcd_import
  File "<frozen importlib._bootstrap>", line 1371, in _find_and_load
  File "<frozen importlib._bootstrap>", line 1314, in _find_and_load_unlocked
  File "<frozen importlib._bootstrap>", line 491, in _call_with_frames_removed
  File "<frozen importlib._bootstrap>", line 1398, in _gcd_import
  File "<frozen importlib._bootstrap>", line 1371, in _find_and_load
  File "<frozen importlib._bootstrap>", line 1335, in _find_and_load_unlocked
ModuleNotFoundError: No module named 'whitenoise'

The above exception was the direct cause of the following exception:

Traceback (most recent call last):
  File "C:\Python314\Lib\threading.py", line 1082, in _bootstrap_inner
    self._context.run(self.run)
    ~~~~~~~~~~~~~~~~~^^^^^^^^^^
  File "C:\Python314\Lib\threading.py", line 1024, in run
    self._target(*self._args, **self._kwargs)
    ~~~~~~~~~~~~^^^^^^^^^^^^^^^^^^^^^^^^^^^^^
  File "C:\Users\pc\Downloads\fitjourney-ai\backend\.venv\Lib\site-packages\django\utils\autoreload.py", line 64, in wrapper
    fn(*args, **kwargs)
    ~~^^^^^^^^^^^^^^^^^
  File "C:\Users\pc\Downloads\fitjourney-ai\backend\.venv\Lib\site-packages\django\core\management\commands\runserver.py", line 143, in inner_run
    handler = self.get_handler(*args, **options)
  File "C:\Users\pc\Downloads\fitjourney-ai\backend\.venv\Lib\site-packages\django\contrib\staticfiles\management\commands\runserver.py", line 31, in get_handler
    handler = super().get_handler(*args, **options)
  File "C:\Users\pc\Downloads\fitjourney-ai\backend\.venv\Lib\site-packages\django\core\management\commands\runserver.py", line 79, in get_handler
    return get_internal_wsgi_application()
  File "C:\Users\pc\Downloads\fitjourney-ai\backend\.venv\Lib\site-packages\django\core\servers\basehttp.py", line 50, in get_internal_wsgi_application
    raise ImproperlyConfigured(
    ...<2 lines>...
    ) from err
django.core.exceptions.ImproperlyConfigured: WSGI application 'config.wsgi.application' could not be loaded; Error importing module.
C:\Users\pc\Downloads\fitjourney-ai\backend\apps\social\models.py changed, reloading.
Performing system checks...

System check identified no issues (0 silenced).
Watching for file changes with StatReloader
C:\Users\pc\Downloads\fitjourney-ai\backend\apps\accounts\models.py changed, reloading.
Performing system checks...

System check identified no issues (0 silenced).
June 01, 2026 - 17:42:40
Django version 5.1.4, using settings 'config.settings'
Starting development server at http://127.0.0.1:8011/
Quit the server with CTRL-BREAK.

Watching for file changes with StatReloader
C:\Users\pc\Downloads\fitjourney-ai\backend\apps\accounts\serializers.py changed, reloading.
Performing system checks...

System check identified no issues (0 silenced).
June 01, 2026 - 22:39:02
Django version 5.1.4, using settings 'config.settings'
Starting development server at http://127.0.0.1:8011/
Quit the server with CTRL-BREAK.

Watching for file changes with StatReloader
C:\Users\pc\Downloads\fitjourney-ai\backend\apps\social\serializers.py changed, reloading.
Performing system checks...

System check identified no issues (0 silenced).
June 01, 2026 - 22:39:10
Django version 5.1.4, using settings 'config.settings'
Starting development server at http://127.0.0.1:8011/
Quit the server with CTRL-BREAK.

Watching for file changes with StatReloader
C:\Users\pc\Downloads\fitjourney-ai\backend\apps\social\serializers.py changed, reloading.
Performing system checks...

System check identified no issues (0 silenced).
June 01, 2026 - 22:39:17
Django version 5.1.4, using settings 'config.settings'
Starting development server at http://127.0.0.1:8011/
Quit the server with CTRL-BREAK.

Watching for file changes with StatReloader
C:\Users\pc\Downloads\fitjourney-ai\backend\apps\social\views.py changed, reloading.
Performing system checks...

System check identified no issues (0 silenced).
June 01, 2026 - 22:39:24
Django version 5.1.4, using settings 'config.settings'
Starting development server at http://127.0.0.1:8011/
Quit the server with CTRL-BREAK.

Watching for file changes with StatReloader
C:\Users\pc\Downloads\fitjourney-ai\backend\apps\social\views.py changed, reloading.
Performing system checks...

System check identified no issues (0 silenced).
June 01, 2026 - 22:39:32
Django version 5.1.4, using settings 'config.settings'
Starting development server at http://127.0.0.1:8011/
Quit the server with CTRL-BREAK.

Watching for file changes with StatReloader
C:\Users\pc\Downloads\fitjourney-ai\backend\apps\coach\views.py changed, reloading.
Performing system checks...

System check identified no issues (0 silenced).
June 01, 2026 - 22:39:42
Django version 5.1.4, using settings 'config.settings'
Starting development server at http://127.0.0.1:8011/
Quit the server with CTRL-BREAK.

Watching for file changes with StatReloader
C:\Users\pc\Downloads\fitjourney-ai\backend\apps\coach\urls.py changed, reloading.
Performing system checks...

System check identified no issues (0 silenced).
June 01, 2026 - 22:40:33
Django version 5.1.4, using settings 'config.settings'
Starting development server at http://127.0.0.1:8011/
Quit the server with CTRL-BREAK.

Watching for file changes with StatReloader
C:\Users\pc\Downloads\fitjourney-ai\backend\apps\social\admin.py changed, reloading.
Performing system checks...

System check identified no issues (0 silenced).
June 01, 2026 - 22:40:48
Django version 5.1.4, using settings 'config.settings'
Starting development server at http://127.0.0.1:8011/
Quit the server with CTRL-BREAK.

Watching for file changes with StatReloader
C:\Users\pc\Downloads\fitjourney-ai\backend\apps\social\admin.py changed, reloading.
Performing system checks...

System check identified no issues (0 silenced).
June 01, 2026 - 22:40:54
Django version 5.1.4, using settings 'config.settings'
Starting development server at http://127.0.0.1:8011/
Quit the server with CTRL-BREAK.

Watching for file changes with StatReloader
C:\Users\pc\Downloads\fitjourney-ai\backend\apps\coach\views.py changed, reloading.
Performing system checks...

System check identified no issues (0 silenced).
June 01, 2026 - 22:40:59
Django version 5.1.4, using settings 'config.settings'
Starting development server at http://127.0.0.1:8011/
Quit the server with CTRL-BREAK.

Watching for file changes with StatReloader
C:\Users\pc\Downloads\fitjourney-ai\backend\apps\coach\chat.py changed, reloading.
Performing system checks...

System check identified no issues (0 silenced).
June 01, 2026 - 23:03:07
Django version 5.1.4, using settings 'config.settings'
Starting development server at http://127.0.0.1:8011/
Quit the server with CTRL-BREAK.

Watching for file changes with StatReloader
C:\Users\pc\Downloads\fitjourney-ai\backend\apps\coach\views.py changed, reloading.
Performing system checks...

System check identified no issues (0 silenced).
June 01, 2026 - 23:08:16
Django version 5.1.4, using settings 'config.settings'
Starting development server at http://127.0.0.1:8011/
Quit the server with CTRL-BREAK.

Watching for file changes with StatReloader
C:\Users\pc\Downloads\fitjourney-ai\backend\apps\coach\chat.py changed, reloading.
Performing system checks...

System check identified no issues (0 silenced).
June 01, 2026 - 23:08:32
Django version 5.1.4, using settings 'config.settings'
Starting development server at http://127.0.0.1:8011/
Quit the server with CTRL-BREAK.

Watching for file changes with StatReloader
C:\Users\pc\Downloads\fitjourney-ai\backend\config\settings.py changed, reloading.
Performing system checks...

System check identified no issues (0 silenced).
June 01, 2026 - 23:10:31
Django version 5.1.4, using settings 'config.settings'
Starting development server at http://127.0.0.1:8011/
Quit the server with CTRL-BREAK.

Watching for file changes with StatReloader
